[ 2016-09-04T23:24:36+08:00 ] 127.0.0.1 /admin.php
INFO: [ app_init ] --START--
INFO: Run Behavior\BuildLiteBehavior [ RunTime:0.000012s ]
INFO: [ app_init ] --END-- [ RunTime:0.000320s ]
INFO: [ app_begin ] --START--
INFO: Run Behavior\ReadHtmlCacheBehavior [ RunTime:0.000518s ]
INFO: [ app_begin ] --END-- [ RunTime:0.000579s ]

[ 2016-09-04T23:24:37+08:00 ] 127.0.0.1 /admin.php
INFO: [ app_init ] --START--
INFO: Run Behavior\BuildLiteBehavior [ RunTime:0.000016s ]
INFO: [ app_init ] --END-- [ RunTime:0.000330s ]
INFO: [ app_begin ] --START--
INFO: Run Behavior\ReadHtmlCacheBehavior [ RunTime:0.000394s ]
INFO: [ app_begin ] --END-- [ RunTime:0.000432s ]

[ 2016-09-04T23:24:37+08:00 ] 127.0.0.1 /admin.php?s=/Public/login.html
INFO: [ app_init ] --START--
INFO: Run Behavior\BuildLiteBehavior [ RunTime:0.000017s ]
INFO: [ app_init ] --END-- [ RunTime:0.000399s ]
INFO: [ app_begin ] --START--
INFO: Run Behavior\ReadHtmlCacheBehavior [ RunTime:0.000555s ]
INFO: [ app_begin ] --END-- [ RunTime:0.000610s ]
INFO: [ view_parse ] --START--
INFO: [ template_filter ] --START--
INFO: Run Behavior\ContentReplaceBehavior [ RunTime:0.000099s ]
INFO: [ template_filter ] --END-- [ RunTime:0.000158s ]
NOTIC: [8] Undefined variable: config E:\wamp\sea\Runtime\Cache\Admin\3a6c842fd833fab3fb87a55ea38b7da4.php 第 36 行.
INFO: Run Behavior\ParseTemplateBehavior [ RunTime:0.216541s ]
INFO: [ view_parse ] --END-- [ RunTime:0.216599s ]
INFO: [ view_filter ] --START--
INFO: Run Behavior\WriteHtmlCacheBehavior [ RunTime:0.000210s ]
INFO: [ view_filter ] --END-- [ RunTime:0.000242s ]
INFO: [ app_end ] --START--
INFO: Run Behavior\ShowPageTraceBehavior [ RunTime:0.000636s ]
INFO: [ app_end ] --END-- [ RunTime:0.000684s ]

[ 2016-09-04T23:24:39+08:00 ] 127.0.0.1 /admin.php?s=/Public/vcode.html
INFO: [ app_init ] --START--
INFO: Run Behavior\BuildLiteBehavior [ RunTime:0.000014s ]
INFO: [ app_init ] --END-- [ RunTime:0.000324s ]
INFO: [ app_begin ] --START--
INFO: Run Behavior\ReadHtmlCacheBehavior [ RunTime:0.000397s ]
INFO: [ app_begin ] --END-- [ RunTime:0.000435s ]
INFO: [ app_end ] --START--
INFO: Run Behavior\ShowPageTraceBehavior [ RunTime:0.000579s ]
INFO: [ app_end ] --END-- [ RunTime:0.000644s ]

[ 2016-09-04T23:24:39+08:00 ] 127.0.0.1 /admin.php?s=/Public/login.html
INFO: [ app_init ] --START--
INFO: Run Behavior\BuildLiteBehavior [ RunTime:0.000015s ]
INFO: [ app_init ] --END-- [ RunTime:0.000409s ]
INFO: [ app_begin ] --START--
INFO: Run Behavior\ReadHtmlCacheBehavior [ RunTime:0.000683s ]
INFO: [ app_begin ] --END-- [ RunTime:0.000755s ]
INFO: [ view_parse ] --START--
INFO: [ template_filter ] --START--
INFO: Run Behavior\ContentReplaceBehavior [ RunTime:0.000155s ]
INFO: [ template_filter ] --END-- [ RunTime:0.000227s ]
NOTIC: [8] Undefined variable: config E:\wamp\sea\Runtime\Cache\Admin\3a6c842fd833fab3fb87a55ea38b7da4.php 第 36 行.
INFO: Run Behavior\ParseTemplateBehavior [ RunTime:0.009464s ]
INFO: [ view_parse ] --END-- [ RunTime:0.009527s ]
INFO: [ view_filter ] --START--
INFO: Run Behavior\WriteHtmlCacheBehavior [ RunTime:0.000295s ]
INFO: [ view_filter ] --END-- [ RunTime:0.000347s ]
INFO: [ app_end ] --START--
INFO: Run Behavior\ShowPageTraceBehavior [ RunTime:0.000679s ]
INFO: [ app_end ] --END-- [ RunTime:0.000741s ]

[ 2016-09-04T23:25:09+08:00 ] 127.0.0.1 /admin.php?s=/Public/login.html
INFO: [ app_init ] --START--
INFO: Run Behavior\BuildLiteBehavior [ RunTime:0.000013s ]
INFO: [ app_init ] --END-- [ RunTime:0.000355s ]
INFO: [ app_begin ] --START--
INFO: Run Behavior\ReadHtmlCacheBehavior [ RunTime:0.000420s ]
INFO: [ app_begin ] --END-- [ RunTime:0.000470s ]
SQL: SHOW COLUMNS FROM `sea_admin` [ RunTime:0.0502s ]
SQL: SELECT `admin_id`,`group_id`,`admin_type`,`admin_name`,`admin_pwd`,`admin_salt`,`true_name`,`img`,`phone`,`email`,`status`,`add_time`,`update_time` FROM `sea_admin` WHERE `status` = 1 AND `admin_name` = 'admin' LIMIT 1   [ RunTime:0.0587s ]
SQL: SHOW COLUMNS FROM `sea_group` [ RunTime:0.0605s ]
SQL: SELECT `group_auth` FROM `sea_group` WHERE `status` = 1 AND `group_id` = 1 LIMIT 1   [ RunTime:0.0491s ]
SQL: SHOW COLUMNS FROM `sea_module_auth` [ RunTime:0.0473s ]
SQL: SELECT `module_id`,`module_index`,`parent_id`,`is_menu`,`module_name`,`module_bind`,`status`,`add_time`,`update_time`,`module_img` FROM `sea_module_auth` WHERE `module_id` IN ('1','27','29','32','39','72','55','42','44','53','50','26','23','71','9','70','40','16','17','69','21','65','52','20','22','8','10','19','41','18','68','49','15','31','38','14','66','67','64','56','57','61') AND `status` = 1 ORDER BY module_index  [ RunTime:0.0481s ]
NOTIC: [8] Undefined variable: child E:\wamp\sea\Application\Admin\Controller\PublicController.class.php 第 124 行.

[ 2016-09-04T23:25:09+08:00 ] 127.0.0.1 /admin.php?s=/Index/index.html
INFO: [ app_init ] --START--
INFO: Run Behavior\BuildLiteBehavior [ RunTime:0.000017s ]
INFO: [ app_init ] --END-- [ RunTime:0.000399s ]
INFO: [ app_begin ] --START--
INFO: Run Behavior\ReadHtmlCacheBehavior [ RunTime:0.000410s ]
INFO: [ app_begin ] --END-- [ RunTime:0.000461s ]

[ 2016-09-04T23:25:13+08:00 ] 127.0.0.1 /admin.php?s=/Shop/index.html
INFO: [ app_init ] --START--
INFO: Run Behavior\BuildLiteBehavior [ RunTime:0.000014s ]
INFO: [ app_init ] --END-- [ RunTime:0.000430s ]
INFO: [ app_begin ] --START--
INFO: Run Behavior\ReadHtmlCacheBehavior [ RunTime:0.000545s ]
INFO: [ app_begin ] --END-- [ RunTime:0.000611s ]

[ 2016-09-04T23:25:22+08:00 ] 127.0.0.1 /admin.php?s=/Shop/edit/id/2.html
INFO: [ app_init ] --START--
INFO: Run Behavior\BuildLiteBehavior [ RunTime:0.000013s ]
INFO: [ app_init ] --END-- [ RunTime:0.000300s ]
INFO: [ app_begin ] --START--
INFO: Run Behavior\ReadHtmlCacheBehavior [ RunTime:0.000414s ]
INFO: [ app_begin ] --END-- [ RunTime:0.000461s ]

[ 2016-09-04T23:25:34+08:00 ] 127.0.0.1 /admin.php?s=/Shop/edit.html
INFO: [ app_init ] --START--
INFO: Run Behavior\BuildLiteBehavior [ RunTime:0.000022s ]
INFO: [ app_init ] --END-- [ RunTime:0.000555s ]
INFO: [ app_begin ] --START--
INFO: Run Behavior\ReadHtmlCacheBehavior [ RunTime:0.000880s ]
INFO: [ app_begin ] --END-- [ RunTime:0.001053s ]
SQL: SHOW COLUMNS FROM `sea_goods` [ RunTime:0.0463s ]
NOTIC: [8] Undefined index: validate E:\wamp\sea\ThinkPHP\Library\Think\Model.class.php 第 1185 行.
NOTIC: [8] Undefined index: auto E:\wamp\sea\ThinkPHP\Library\Think\Model.class.php 第 1128 行.
SQL: UPDATE `sea_goods` SET `name`='海参 精包装',`status`='1',`goods_type`='0',`price`='111',`mark_price`='22',`sales`='33',`stock`='100',`title`='阿斯顿发撒旦法师打发斯蒂芬阿斯顿发撒旦法师打发斯蒂芬阿斯顿发撒旦法师打发斯蒂芬阿斯顿发撒旦法师打发斯蒂芬阿斯顿发撒旦法师打发斯蒂芬阿斯顿发撒旦法师打发斯蒂芬阿斯顿发撒旦法师打发斯蒂芬阿斯顿发撒旦法师打发斯蒂芬阿斯顿发撒旦法师打发斯蒂芬',`picture_more`='[\"\\/uploads\\/Picture\\/goods\\/2016-08-28\\/ce201105b72a3a7a8726020db80e76d3.jpg\",\"\\/uploads\\/Picture\\/goods\\/2016-08-28\\/119d66e993b43540f3065fe7b4201d27.jpg\",\"\\/uploads\\/Picture\\/goods\\/2016-08-28\\/dc74bdf32f6f69158ebf9965142e58fe.jpg\"]' WHERE `id` = 2 [ RunTime:0.0435s ]
SQL: SHOW COLUMNS FROM `sea_admin_operate_log` [ RunTime:0.0434s ]
NOTIC: [8] Array to string conversion E:\wamp\sea\Application\Admin\Model\AdminOperateLogModel.class.php 第 48 行.
NOTIC: [8] Array to string conversion E:\wamp\sea\Application\Admin\Model\AdminOperateLogModel.class.php 第 48 行.
NOTIC: [8] Undefined index: validate E:\wamp\sea\ThinkPHP\Library\Think\Model.class.php 第 1185 行.
NOTIC: [8] Undefined index: auto E:\wamp\sea\ThinkPHP\Library\Think\Model.class.php 第 1128 行.
SQL: INSERT INTO `sea_admin_operate_log` (`uid`,`status`,`info`,`refer`,`url`,`param`,`add_time`,`add_ip`) VALUES ('1','1','提示语：商品编辑成功，即将返回商品列表！<br/>模块：Admin,控制器：Shop,方法：edit<br/>请求方式：AJAX','http://sea.com/admin.php?s=/Shop/edit/id/2.html','http://sea.com/admin.php?s=/Shop/edit.html','name:海参 精包装,id:2,status:1,goods_type:产品,price:111.000,mark_price:22.000,sales:33,stock:100,title:阿斯顿发撒旦法师打发斯蒂芬阿斯顿发撒旦法师打发斯蒂芬阿斯顿发撒旦法师打发斯蒂芬阿斯顿发撒旦法师打发斯蒂芬阿斯顿发撒旦法师打发斯蒂芬阿斯顿发撒旦法师打发斯蒂芬阿斯顿发撒旦法师打发斯蒂芬阿斯顿发撒旦法师打发斯蒂芬阿斯顿发撒旦法师打发斯蒂芬,picture:Array,picture_more:Array,content:<p>小户型测试</p>,','1473002733','127.0.0.1') [ RunTime:0.0646s ]

[ 2016-09-04T23:25:35+08:00 ] 127.0.0.1 /admin.php?s=/Shop/index.html
INFO: [ app_init ] --START--
INFO: Run Behavior\BuildLiteBehavior [ RunTime:0.000022s ]
INFO: [ app_init ] --END-- [ RunTime:0.000565s ]
INFO: [ app_begin ] --START--
INFO: Run Behavior\ReadHtmlCacheBehavior [ RunTime:0.000884s ]
INFO: [ app_begin ] --END-- [ RunTime:0.001052s ]

