[ 2016-07-30T15:44:17+08:00 ] 127.0.0.1 /admin.php
INFO: [ app_init ] --START--
INFO: Run Behavior\BuildLiteBehavior [ RunTime:0.000032s ]
INFO: [ app_init ] --END-- [ RunTime:0.001199s ]
INFO: [ app_begin ] --START--
INFO: Run Behavior\ReadHtmlCacheBehavior [ RunTime:0.001450s ]
INFO: [ app_begin ] --END-- [ RunTime:0.001563s ]

[ 2016-07-30T15:44:17+08:00 ] 127.0.0.1 /admin.php?s=/Public/login.html
INFO: [ app_init ] --START--
INFO: Run Behavior\BuildLiteBehavior [ RunTime:0.000031s ]
INFO: [ app_init ] --END-- [ RunTime:0.000887s ]
INFO: [ app_begin ] --START--
INFO: Run Behavior\ReadHtmlCacheBehavior [ RunTime:0.001218s ]
INFO: [ app_begin ] --END-- [ RunTime:0.001333s ]
INFO: [ view_parse ] --START--
INFO: [ template_filter ] --START--
INFO: Run Behavior\ContentReplaceBehavior [ RunTime:0.000255s ]
INFO: [ template_filter ] --END-- [ RunTime:0.000368s ]
NOTIC: [8] Undefined variable: config E:\wamp\sea\Runtime\Cache\Admin\3a6c842fd833fab3fb87a55ea38b7da4.php 第 36 行.
INFO: Run Behavior\ParseTemplateBehavior [ RunTime:0.040769s ]
INFO: [ view_parse ] --END-- [ RunTime:0.040904s ]
INFO: [ view_filter ] --START--
INFO: Run Behavior\WriteHtmlCacheBehavior [ RunTime:0.001306s ]
INFO: [ view_filter ] --END-- [ RunTime:0.001441s ]
INFO: [ app_end ] --START--
INFO: Run Behavior\ShowPageTraceBehavior [ RunTime:0.002136s ]
INFO: [ app_end ] --END-- [ RunTime:0.002286s ]

[ 2016-07-30T15:44:17+08:00 ] 127.0.0.1 /admin.php?s=/Public/vcode.html
INFO: [ app_init ] --START--
INFO: Run Behavior\BuildLiteBehavior [ RunTime:0.000032s ]
INFO: [ app_init ] --END-- [ RunTime:0.000889s ]
INFO: [ app_begin ] --START--
INFO: Run Behavior\ReadHtmlCacheBehavior [ RunTime:0.001258s ]
INFO: [ app_begin ] --END-- [ RunTime:0.001374s ]
INFO: [ app_end ] --START--
INFO: Run Behavior\ShowPageTraceBehavior [ RunTime:0.001392s ]
INFO: [ app_end ] --END-- [ RunTime:0.001528s ]

[ 2016-07-30T15:44:19+08:00 ] 127.0.0.1 /admin.php?s=/Public/login.html
INFO: [ app_init ] --START--
INFO: Run Behavior\BuildLiteBehavior [ RunTime:0.000032s ]
INFO: [ app_init ] --END-- [ RunTime:0.000956s ]
INFO: [ app_begin ] --START--
INFO: Run Behavior\ReadHtmlCacheBehavior [ RunTime:0.001769s ]
INFO: [ app_begin ] --END-- [ RunTime:0.001930s ]
INFO: [ view_parse ] --START--
INFO: [ template_filter ] --START--
INFO: Run Behavior\ContentReplaceBehavior [ RunTime:0.000707s ]
INFO: [ template_filter ] --END-- [ RunTime:0.001091s ]
NOTIC: [8] Undefined variable: config E:\wamp\sea\Runtime\Cache\Admin\3a6c842fd833fab3fb87a55ea38b7da4.php 第 36 行.
INFO: Run Behavior\ParseTemplateBehavior [ RunTime:0.035299s ]
INFO: [ view_parse ] --END-- [ RunTime:0.035444s ]
INFO: [ view_filter ] --START--
INFO: Run Behavior\WriteHtmlCacheBehavior [ RunTime:0.000751s ]
INFO: [ view_filter ] --END-- [ RunTime:0.000857s ]
INFO: [ app_end ] --START--
INFO: Run Behavior\ShowPageTraceBehavior [ RunTime:0.001837s ]
INFO: [ app_end ] --END-- [ RunTime:0.001993s ]

[ 2016-07-30T15:44:32+08:00 ] 127.0.0.1 /admin.php?s=/Public/login.html
INFO: [ app_init ] --START--
INFO: Run Behavior\BuildLiteBehavior [ RunTime:0.000032s ]
INFO: [ app_init ] --END-- [ RunTime:0.001195s ]
INFO: [ app_begin ] --START--
INFO: Run Behavior\ReadHtmlCacheBehavior [ RunTime:0.001182s ]
INFO: [ app_begin ] --END-- [ RunTime:0.001307s ]
SQL: SHOW COLUMNS FROM `sea_admin` [ RunTime:0.1910s ]
SQL: SELECT `admin_id`,`group_id`,`admin_type`,`admin_name`,`admin_pwd`,`admin_salt`,`true_name`,`img`,`phone`,`email`,`status`,`add_time`,`update_time` FROM `sea_admin` WHERE `status` = 1 AND `admin_name` = 'admin' LIMIT 1   [ RunTime:0.0777s ]
SQL: SHOW COLUMNS FROM `sea_group` [ RunTime:0.1619s ]
SQL: SELECT `group_auth` FROM `sea_group` WHERE `status` = 1 AND `group_id` = 1 LIMIT 1   [ RunTime:0.1520s ]
SQL: SHOW COLUMNS FROM `sea_module_auth` [ RunTime:0.1931s ]
SQL: SELECT `module_id`,`module_index`,`parent_id`,`is_menu`,`module_name`,`module_bind`,`status`,`add_time`,`update_time`,`module_img` FROM `sea_module_auth` WHERE `module_id` IN ('1','32','39','40','42','44','50','52','53','55','65','66','29','27','26','9','14','69','16','17','23','21','67','22','20','19','10','8','68','18','41','49','64','15','31','38','57','56','61') AND `status` = 1 ORDER BY module_index  [ RunTime:0.5820s ]
NOTIC: [8] Undefined variable: child E:\wamp\sea\Application\Admin\Controller\PublicController.class.php 第 124 行.

[ 2016-07-30T15:44:32+08:00 ] 127.0.0.1 /admin.php?s=/Index/index.html
INFO: [ app_init ] --START--
INFO: Run Behavior\BuildLiteBehavior [ RunTime:0.000048s ]
INFO: [ app_init ] --END-- [ RunTime:0.001352s ]
INFO: [ app_begin ] --START--
INFO: Run Behavior\ReadHtmlCacheBehavior [ RunTime:0.001977s ]
INFO: [ app_begin ] --END-- [ RunTime:0.002162s ]

[ 2016-07-30T15:45:50+08:00 ] 127.0.0.1 /admin.php?s=/Index/index.html
INFO: [ app_init ] --START--
INFO: Run Behavior\BuildLiteBehavior [ RunTime:0.000033s ]
INFO: [ app_init ] --END-- [ RunTime:0.001008s ]
INFO: [ app_begin ] --START--
INFO: Run Behavior\ReadHtmlCacheBehavior [ RunTime:0.001217s ]
INFO: [ app_begin ] --END-- [ RunTime:0.001324s ]

[ 2016-07-30T15:45:53+08:00 ] 127.0.0.1 /admin.php?s=/Index/index.html
INFO: [ app_init ] --START--
INFO: Run Behavior\BuildLiteBehavior [ RunTime:0.000035s ]
INFO: [ app_init ] --END-- [ RunTime:0.001025s ]
INFO: [ app_begin ] --START--
INFO: Run Behavior\ReadHtmlCacheBehavior [ RunTime:0.001197s ]
INFO: [ app_begin ] --END-- [ RunTime:0.001302s ]

[ 2016-07-30T15:45:56+08:00 ] 127.0.0.1 /admin.php?s=/Config/group.html
INFO: [ app_init ] --START--
INFO: Run Behavior\BuildLiteBehavior [ RunTime:0.000050s ]
INFO: [ app_init ] --END-- [ RunTime:0.000964s ]
INFO: [ app_begin ] --START--
INFO: Run Behavior\ReadHtmlCacheBehavior [ RunTime:0.001202s ]
INFO: [ app_begin ] --END-- [ RunTime:0.001308s ]

[ 2016-07-30T15:46:00+08:00 ] 127.0.0.1 /admin.php?s=/User/index.html
INFO: [ app_init ] --START--
INFO: Run Behavior\BuildLiteBehavior [ RunTime:0.000044s ]
INFO: [ app_init ] --END-- [ RunTime:0.000926s ]
INFO: [ app_begin ] --START--
INFO: Run Behavior\ReadHtmlCacheBehavior [ RunTime:0.001150s ]
INFO: [ app_begin ] --END-- [ RunTime:0.001254s ]

[ 2016-07-30T15:46:03+08:00 ] 127.0.0.1 /admin.php?s=/Sellplan/index.html
INFO: [ app_init ] --START--
INFO: Run Behavior\BuildLiteBehavior [ RunTime:0.000031s ]
INFO: [ app_init ] --END-- [ RunTime:0.000924s ]
INFO: [ app_begin ] --START--
INFO: Run Behavior\ReadHtmlCacheBehavior [ RunTime:0.001283s ]
INFO: [ app_begin ] --END-- [ RunTime:0.001425s ]

[ 2016-07-30T15:46:04+08:00 ] 127.0.0.1 /admin.php?s=/Shop/index.html
INFO: [ app_init ] --START--
INFO: Run Behavior\BuildLiteBehavior [ RunTime:0.000032s ]
INFO: [ app_init ] --END-- [ RunTime:0.000929s ]
INFO: [ app_begin ] --START--
INFO: Run Behavior\ReadHtmlCacheBehavior [ RunTime:0.001413s ]
INFO: [ app_begin ] --END-- [ RunTime:0.001529s ]

[ 2016-07-30T15:46:06+08:00 ] 127.0.0.1 /admin.php?s=/Order/index.html
INFO: [ app_init ] --START--
INFO: Run Behavior\BuildLiteBehavior [ RunTime:0.000033s ]
INFO: [ app_init ] --END-- [ RunTime:0.000980s ]
INFO: [ app_begin ] --START--
INFO: Run Behavior\ReadHtmlCacheBehavior [ RunTime:0.001217s ]
INFO: [ app_begin ] --END-- [ RunTime:0.001348s ]

[ 2016-07-30T15:46:10+08:00 ] 127.0.0.1 /admin.php?s=/Auth/index.html
INFO: [ app_init ] --START--
INFO: Run Behavior\BuildLiteBehavior [ RunTime:0.000030s ]
INFO: [ app_init ] --END-- [ RunTime:0.000929s ]
INFO: [ app_begin ] --START--
INFO: Run Behavior\ReadHtmlCacheBehavior [ RunTime:0.001303s ]
INFO: [ app_begin ] --END-- [ RunTime:0.001416s ]

[ 2016-07-30T15:46:13+08:00 ] 127.0.0.1 /admin.php?s=/Auth/index/parent_id/15.html
INFO: [ app_init ] --START--
INFO: Run Behavior\BuildLiteBehavior [ RunTime:0.000031s ]
INFO: [ app_init ] --END-- [ RunTime:0.000949s ]
INFO: [ app_begin ] --START--
INFO: Run Behavior\ReadHtmlCacheBehavior [ RunTime:0.001163s ]
INFO: [ app_begin ] --END-- [ RunTime:0.001266s ]

[ 2016-07-30T15:47:11+08:00 ] 127.0.0.1 /admin.php?s=/Group/index.html
INFO: [ app_init ] --START--
INFO: Run Behavior\BuildLiteBehavior [ RunTime:0.000030s ]
INFO: [ app_init ] --END-- [ RunTime:0.001095s ]
INFO: [ app_begin ] --START--
INFO: Run Behavior\ReadHtmlCacheBehavior [ RunTime:0.001434s ]
INFO: [ app_begin ] --END-- [ RunTime:0.001553s ]

[ 2016-07-30T15:47:14+08:00 ] 127.0.0.1 /admin.php?s=/Group/edit/id/1.html
INFO: [ app_init ] --START--
INFO: Run Behavior\BuildLiteBehavior [ RunTime:0.000031s ]
INFO: [ app_init ] --END-- [ RunTime:0.000894s ]
INFO: [ app_begin ] --START--
INFO: Run Behavior\ReadHtmlCacheBehavior [ RunTime:0.001399s ]
INFO: [ app_begin ] --END-- [ RunTime:0.001542s ]

[ 2016-07-30T15:47:22+08:00 ] 127.0.0.1 /admin.php?s=/Group/edit.html
INFO: [ app_init ] --START--
INFO: Run Behavior\BuildLiteBehavior [ RunTime:0.000031s ]
INFO: [ app_init ] --END-- [ RunTime:0.000890s ]
INFO: [ app_begin ] --START--
INFO: Run Behavior\ReadHtmlCacheBehavior [ RunTime:0.001589s ]
INFO: [ app_begin ] --END-- [ RunTime:0.001771s ]
SQL: SHOW COLUMNS FROM `sea_group` [ RunTime:0.0519s ]
NOTIC: [8] Undefined index: validate E:\wamp\sea\ThinkPHP\Library\Think\Model.class.php 第 1185 行.
NOTIC: [8] Undefined index: auto E:\wamp\sea\ThinkPHP\Library\Think\Model.class.php 第 1128 行.
SQL: UPDATE `sea_group` SET `group_name`='超级管理员组',`status`='1',`update_time`='1469864841',`group_auth`='1,32,39,40,42,44,50,52,53,55,65,69,29,27,9,70,16,17,26,21,23,22,20,8,10,19,68,18,41,49,15,31,38,66,14,67,64,56,57,61' WHERE `group_id` = 1 [ RunTime:0.0486s ]
SQL: SHOW COLUMNS FROM `sea_admin_operate_log` [ RunTime:0.0539s ]
NOTIC: [8] Array to string conversion E:\wamp\sea\Application\Admin\Model\AdminOperateLogModel.class.php 第 48 行.
NOTIC: [8] Undefined index: validate E:\wamp\sea\ThinkPHP\Library\Think\Model.class.php 第 1185 行.
NOTIC: [8] Undefined index: auto E:\wamp\sea\ThinkPHP\Library\Think\Model.class.php 第 1128 行.
SQL: INSERT INTO `sea_admin_operate_log` (`uid`,`status`,`info`,`refer`,`url`,`param`,`add_time`,`add_ip`) VALUES ('1','1','提示语：更新成功<br/>模块：Admin,控制器：Group,方法：edit<br/>请求方式：AJAX','http://sea.com/admin.php?s=/Group/edit/id/1.html','http://sea.com/admin.php?s=/Group/edit.html','group_id:1,group_name:超级管理员组,status:1,auth:Array,','1469864841','127.0.0.1') [ RunTime:0.1293s ]

[ 2016-07-30T15:47:24+08:00 ] 127.0.0.1 /admin.php?s=/Group/index.html
INFO: [ app_init ] --START--
INFO: Run Behavior\BuildLiteBehavior [ RunTime:0.000030s ]
INFO: [ app_init ] --END-- [ RunTime:0.000886s ]
INFO: [ app_begin ] --START--
INFO: Run Behavior\ReadHtmlCacheBehavior [ RunTime:0.001446s ]
INFO: [ app_begin ] --END-- [ RunTime:0.001572s ]

[ 2016-07-30T15:47:26+08:00 ] 127.0.0.1 /admin.php?s=/Adminuser/index.html
INFO: [ app_init ] --START--
INFO: Run Behavior\BuildLiteBehavior [ RunTime:0.000033s ]
INFO: [ app_init ] --END-- [ RunTime:0.000919s ]
INFO: [ app_begin ] --START--
INFO: Run Behavior\ReadHtmlCacheBehavior [ RunTime:0.001172s ]
INFO: [ app_begin ] --END-- [ RunTime:0.001284s ]
NOTIC: [2048] Declaration of Admin\Controller\AdminuserController::uploadImg() should be compatible with Admin\Controller\AdminController::uploadimg($path = 'default/') E:\wamp\sea\Application\Admin\Controller\AdminuserController.class.php 第 10 行.

[ 2016-07-30T15:47:28+08:00 ] 127.0.0.1 /admin.php?s=/Group/index.html
INFO: [ app_init ] --START--
INFO: Run Behavior\BuildLiteBehavior [ RunTime:0.000054s ]
INFO: [ app_init ] --END-- [ RunTime:0.001544s ]
INFO: [ app_begin ] --START--
INFO: Run Behavior\ReadHtmlCacheBehavior [ RunTime:0.001339s ]
INFO: [ app_begin ] --END-- [ RunTime:0.001456s ]

[ 2016-07-30T15:47:48+08:00 ] 127.0.0.1 /admin.php?s=/Group/edit/id/22.html
INFO: [ app_init ] --START--
INFO: Run Behavior\BuildLiteBehavior [ RunTime:0.000040s ]
INFO: [ app_init ] --END-- [ RunTime:0.000944s ]
INFO: [ app_begin ] --START--
INFO: Run Behavior\ReadHtmlCacheBehavior [ RunTime:0.001193s ]
INFO: [ app_begin ] --END-- [ RunTime:0.001303s ]

[ 2016-07-30T15:48:25+08:00 ] 127.0.0.1 /admin.php?s=/Group/edit.html
INFO: [ app_init ] --START--
INFO: Run Behavior\BuildLiteBehavior [ RunTime:0.000031s ]
INFO: [ app_init ] --END-- [ RunTime:0.000914s ]
INFO: [ app_begin ] --START--
INFO: Run Behavior\ReadHtmlCacheBehavior [ RunTime:0.001139s ]
INFO: [ app_begin ] --END-- [ RunTime:0.001301s ]
SQL: SHOW COLUMNS FROM `sea_group` [ RunTime:0.0535s ]
NOTIC: [8] Undefined index: validate E:\wamp\sea\ThinkPHP\Library\Think\Model.class.php 第 1185 行.
NOTIC: [8] Undefined index: auto E:\wamp\sea\ThinkPHP\Library\Think\Model.class.php 第 1128 行.
SQL: UPDATE `sea_group` SET `group_name`='测试者组',`status`='1',`update_time`='1469864905',`group_auth`='1,32,39,40,42,50,52,53,55,69,29,27,9,70,16,17,26,21,22,8,41,49,15,31,38,14,64,56,57' WHERE `group_id` = 22 [ RunTime:0.0502s ]
SQL: SHOW COLUMNS FROM `sea_admin_operate_log` [ RunTime:0.0500s ]
NOTIC: [8] Array to string conversion E:\wamp\sea\Application\Admin\Model\AdminOperateLogModel.class.php 第 48 行.
NOTIC: [8] Undefined index: validate E:\wamp\sea\ThinkPHP\Library\Think\Model.class.php 第 1185 行.
NOTIC: [8] Undefined index: auto E:\wamp\sea\ThinkPHP\Library\Think\Model.class.php 第 1128 行.
SQL: INSERT INTO `sea_admin_operate_log` (`uid`,`status`,`info`,`refer`,`url`,`param`,`add_time`,`add_ip`) VALUES ('1','1','提示语：更新成功<br/>模块：Admin,控制器：Group,方法：edit<br/>请求方式：AJAX','http://sea.com/admin.php?s=/Group/edit/id/22.html','http://sea.com/admin.php?s=/Group/edit.html','group_id:22,group_name:测试者组,status:1,auth:Array,','1469864905','127.0.0.1') [ RunTime:0.0499s ]

[ 2016-07-30T15:48:27+08:00 ] 127.0.0.1 /admin.php?s=/Group/index.html
INFO: [ app_init ] --START--
INFO: Run Behavior\BuildLiteBehavior [ RunTime:0.000030s ]
INFO: [ app_init ] --END-- [ RunTime:0.000887s ]
INFO: [ app_begin ] --START--
INFO: Run Behavior\ReadHtmlCacheBehavior [ RunTime:0.001306s ]
INFO: [ app_begin ] --END-- [ RunTime:0.001431s ]

[ 2016-07-30T15:48:30+08:00 ] 127.0.0.1 /admin.php?s=/Auth/index.html
INFO: [ app_init ] --START--
INFO: Run Behavior\BuildLiteBehavior [ RunTime:0.000031s ]
INFO: [ app_init ] --END-- [ RunTime:0.000916s ]
INFO: [ app_begin ] --START--
INFO: Run Behavior\ReadHtmlCacheBehavior [ RunTime:0.001169s ]
INFO: [ app_begin ] --END-- [ RunTime:0.001274s ]

[ 2016-07-30T15:48:33+08:00 ] 127.0.0.1 /admin.php?s=/Auth/index/parent_id/15.html
INFO: [ app_init ] --START--
INFO: Run Behavior\BuildLiteBehavior [ RunTime:0.000032s ]
INFO: [ app_init ] --END-- [ RunTime:0.000910s ]
INFO: [ app_begin ] --START--
INFO: Run Behavior\ReadHtmlCacheBehavior [ RunTime:0.001181s ]
INFO: [ app_begin ] --END-- [ RunTime:0.001288s ]

[ 2016-07-30T15:49:57+08:00 ] 127.0.0.1 /admin.php?s=/Sellplan/index.html
INFO: [ app_init ] --START--
INFO: Run Behavior\BuildLiteBehavior [ RunTime:0.000032s ]
INFO: [ app_init ] --END-- [ RunTime:0.001168s ]
INFO: [ app_begin ] --START--
INFO: Run Behavior\ReadHtmlCacheBehavior [ RunTime:0.001389s ]
INFO: [ app_begin ] --END-- [ RunTime:0.001500s ]

[ 2016-07-30T15:50:00+08:00 ] 127.0.0.1 /admin.php?s=/Sellplan/edit/id/2.html
INFO: [ app_init ] --START--
INFO: Run Behavior\BuildLiteBehavior [ RunTime:0.000031s ]
INFO: [ app_init ] --END-- [ RunTime:0.000895s ]
INFO: [ app_begin ] --START--
INFO: Run Behavior\ReadHtmlCacheBehavior [ RunTime:0.001159s ]
INFO: [ app_begin ] --END-- [ RunTime:0.001264s ]

[ 2016-07-30T21:34:23+08:00 ] 127.0.0.1 /admin.php
INFO: [ app_init ] --START--
INFO: Run Behavior\BuildLiteBehavior [ RunTime:0.000033s ]
INFO: [ app_init ] --END-- [ RunTime:0.001236s ]
INFO: [ app_begin ] --START--
INFO: Run Behavior\ReadHtmlCacheBehavior [ RunTime:0.001458s ]
INFO: [ app_begin ] --END-- [ RunTime:0.001573s ]

[ 2016-07-30T21:34:29+08:00 ] 127.0.0.1 /admin.php?s=/Auth/index.html
INFO: [ app_init ] --START--
INFO: Run Behavior\BuildLiteBehavior [ RunTime:0.000033s ]
INFO: [ app_init ] --END-- [ RunTime:0.001042s ]
INFO: [ app_begin ] --START--
INFO: Run Behavior\ReadHtmlCacheBehavior [ RunTime:0.001205s ]
INFO: [ app_begin ] --END-- [ RunTime:0.001317s ]

[ 2016-07-30T21:34:42+08:00 ] 127.0.0.1 /admin.php?s=/Auth/index/parent_id/22.html
INFO: [ app_init ] --START--
INFO: Run Behavior\BuildLiteBehavior [ RunTime:0.000039s ]
INFO: [ app_init ] --END-- [ RunTime:0.001005s ]
INFO: [ app_begin ] --START--
INFO: Run Behavior\ReadHtmlCacheBehavior [ RunTime:0.001249s ]
INFO: [ app_begin ] --END-- [ RunTime:0.001366s ]

[ 2016-07-30T21:34:47+08:00 ] 127.0.0.1 /admin.php?s=/Auth/add.html
INFO: [ app_init ] --START--
INFO: Run Behavior\BuildLiteBehavior [ RunTime:0.000046s ]
INFO: [ app_init ] --END-- [ RunTime:0.001199s ]
INFO: [ app_begin ] --START--
INFO: Run Behavior\ReadHtmlCacheBehavior [ RunTime:0.001325s ]
INFO: [ app_begin ] --END-- [ RunTime:0.001443s ]

[ 2016-07-30T21:35:16+08:00 ] 127.0.0.1 /admin.php?s=/Auth/add.html
INFO: [ app_init ] --START--
INFO: Run Behavior\BuildLiteBehavior [ RunTime:0.000052s ]
INFO: [ app_init ] --END-- [ RunTime:0.001581s ]
INFO: [ app_begin ] --START--
INFO: Run Behavior\ReadHtmlCacheBehavior [ RunTime:0.001858s ]
INFO: [ app_begin ] --END-- [ RunTime:0.002098s ]
SQL: SHOW COLUMNS FROM `sea_module_auth` [ RunTime:0.0532s ]
NOTIC: [8] Undefined index: validate E:\wamp\sea\ThinkPHP\Library\Think\Model.class.php 第 1185 行.
NOTIC: [8] Undefined index: auto E:\wamp\sea\ThinkPHP\Library\Think\Model.class.php 第 1128 行.
SQL: INSERT INTO `sea_module_auth` (`module_name`,`module_bind`,`is_menu`,`module_img`,`module_index`,`parent_id`,`update_time`,`add_time`) VALUES ('轮播图管理','Carousel/index','1','','0','22','1469885716','1469885716') [ RunTime:0.0490s ]
SQL: SHOW COLUMNS FROM `sea_admin_operate_log` [ RunTime:0.0494s ]
NOTIC: [8] Undefined index: validate E:\wamp\sea\ThinkPHP\Library\Think\Model.class.php 第 1185 行.
NOTIC: [8] Undefined index: auto E:\wamp\sea\ThinkPHP\Library\Think\Model.class.php 第 1128 行.
SQL: INSERT INTO `sea_admin_operate_log` (`uid`,`status`,`info`,`refer`,`url`,`param`,`add_time`,`add_ip`) VALUES ('1','1','提示语：新增成功<br/>模块：Admin,控制器：Auth,方法：add<br/>请求方式：AJAX','http://sea.com/admin.php?s=/Auth/add.html','http://sea.com/admin.php?s=/Auth/add.html','module_name:轮播图管理,module_bind:Carousel/index,is_menu:1,module_img:,module_index:0,parent_id:22,','1469885716','127.0.0.1') [ RunTime:0.0476s ]

[ 2016-07-30T21:35:18+08:00 ] 127.0.0.1 /admin.php?s=/Auth/index.html
INFO: [ app_init ] --START--
INFO: Run Behavior\BuildLiteBehavior [ RunTime:0.000052s ]
INFO: [ app_init ] --END-- [ RunTime:0.001467s ]
INFO: [ app_begin ] --START--
INFO: Run Behavior\ReadHtmlCacheBehavior [ RunTime:0.001512s ]
INFO: [ app_begin ] --END-- [ RunTime:0.001665s ]

[ 2016-07-30T21:35:27+08:00 ] 127.0.0.1 /admin.php?s=/Group/index.html
INFO: [ app_init ] --START--
INFO: Run Behavior\BuildLiteBehavior [ RunTime:0.000030s ]
INFO: [ app_init ] --END-- [ RunTime:0.000878s ]
INFO: [ app_begin ] --START--
INFO: Run Behavior\ReadHtmlCacheBehavior [ RunTime:0.001292s ]
INFO: [ app_begin ] --END-- [ RunTime:0.001425s ]

[ 2016-07-30T21:35:31+08:00 ] 127.0.0.1 /admin.php?s=/Group/admin/id/1.html
INFO: [ app_init ] --START--
INFO: Run Behavior\BuildLiteBehavior [ RunTime:0.000033s ]
INFO: [ app_init ] --END-- [ RunTime:0.000961s ]
INFO: [ app_begin ] --START--
INFO: Run Behavior\ReadHtmlCacheBehavior [ RunTime:0.001881s ]
INFO: [ app_begin ] --END-- [ RunTime:0.002081s ]

[ 2016-07-30T21:35:35+08:00 ] 127.0.0.1 /admin.php?s=/Group/edit/id/1.html
INFO: [ app_init ] --START--
INFO: Run Behavior\BuildLiteBehavior [ RunTime:0.000031s ]
INFO: [ app_init ] --END-- [ RunTime:0.000942s ]
INFO: [ app_begin ] --START--
INFO: Run Behavior\ReadHtmlCacheBehavior [ RunTime:0.001241s ]
INFO: [ app_begin ] --END-- [ RunTime:0.001371s ]

[ 2016-07-30T21:35:44+08:00 ] 127.0.0.1 /admin.php?s=/Group/edit.html
INFO: [ app_init ] --START--
INFO: Run Behavior\BuildLiteBehavior [ RunTime:0.000037s ]
INFO: [ app_init ] --END-- [ RunTime:0.001093s ]
INFO: [ app_begin ] --START--
INFO: Run Behavior\ReadHtmlCacheBehavior [ RunTime:0.001284s ]
INFO: [ app_begin ] --END-- [ RunTime:0.001415s ]
SQL: SHOW COLUMNS FROM `sea_group` [ RunTime:0.0470s ]
NOTIC: [8] Undefined index: validate E:\wamp\sea\ThinkPHP\Library\Think\Model.class.php 第 1185 行.
NOTIC: [8] Undefined index: auto E:\wamp\sea\ThinkPHP\Library\Think\Model.class.php 第 1128 行.
SQL: UPDATE `sea_group` SET `group_name`='超级管理员组',`status`='1',`update_time`='1469885743',`group_auth`='70,32,39,40,42,44,50,52,53,55,71,65,69,29,27,1,9,16,17,23,21,26,20,22,19,8,10,41,18,68,49,15,31,38,14,66,67,64,56,57,61' WHERE `group_id` = 1 [ RunTime:0.0450s ]
SQL: SHOW COLUMNS FROM `sea_admin_operate_log` [ RunTime:0.0465s ]
NOTIC: [8] Array to string conversion E:\wamp\sea\Application\Admin\Model\AdminOperateLogModel.class.php 第 48 行.
NOTIC: [8] Undefined index: validate E:\wamp\sea\ThinkPHP\Library\Think\Model.class.php 第 1185 行.
NOTIC: [8] Undefined index: auto E:\wamp\sea\ThinkPHP\Library\Think\Model.class.php 第 1128 行.
SQL: INSERT INTO `sea_admin_operate_log` (`uid`,`status`,`info`,`refer`,`url`,`param`,`add_time`,`add_ip`) VALUES ('1','1','提示语：更新成功<br/>模块：Admin,控制器：Group,方法：edit<br/>请求方式：AJAX','http://sea.com/admin.php?s=/Group/edit/id/1.html','http://sea.com/admin.php?s=/Group/edit.html','group_id:1,group_name:超级管理员组,status:1,auth:Array,','1469885743','127.0.0.1') [ RunTime:0.0450s ]

[ 2016-07-30T21:35:46+08:00 ] 127.0.0.1 /admin.php?s=/Group/index.html
INFO: [ app_init ] --START--
INFO: Run Behavior\BuildLiteBehavior [ RunTime:0.000035s ]
INFO: [ app_init ] --END-- [ RunTime:0.001604s ]
INFO: [ app_begin ] --START--
INFO: Run Behavior\ReadHtmlCacheBehavior [ RunTime:0.001190s ]
INFO: [ app_begin ] --END-- [ RunTime:0.001299s ]

[ 2016-07-30T21:36:24+08:00 ] 127.0.0.1 /admin.php?s=/Auth/index.html
INFO: [ app_init ] --START--
INFO: Run Behavior\BuildLiteBehavior [ RunTime:0.000032s ]
INFO: [ app_init ] --END-- [ RunTime:0.000955s ]
INFO: [ app_begin ] --START--
INFO: Run Behavior\ReadHtmlCacheBehavior [ RunTime:0.001282s ]
INFO: [ app_begin ] --END-- [ RunTime:0.001418s ]

[ 2016-07-30T21:36:27+08:00 ] 127.0.0.1 /admin.php?s=/Auth/index/parent_id/15.html
INFO: [ app_init ] --START--
INFO: Run Behavior\BuildLiteBehavior [ RunTime:0.000031s ]
INFO: [ app_init ] --END-- [ RunTime:0.001128s ]
INFO: [ app_begin ] --START--
INFO: Run Behavior\ReadHtmlCacheBehavior [ RunTime:0.001560s ]
INFO: [ app_begin ] --END-- [ RunTime:0.001677s ]

[ 2016-07-30T21:36:37+08:00 ] 127.0.0.1 /admin.php?s=/Auth/add.html
INFO: [ app_init ] --START--
INFO: Run Behavior\BuildLiteBehavior [ RunTime:0.000031s ]
INFO: [ app_init ] --END-- [ RunTime:0.000915s ]
INFO: [ app_begin ] --START--
INFO: Run Behavior\ReadHtmlCacheBehavior [ RunTime:0.001178s ]
INFO: [ app_begin ] --END-- [ RunTime:0.001288s ]

[ 2016-07-30T21:37:10+08:00 ] 127.0.0.1 /admin.php?s=/Auth/add.html
INFO: [ app_init ] --START--
INFO: Run Behavior\BuildLiteBehavior [ RunTime:0.000033s ]
INFO: [ app_init ] --END-- [ RunTime:0.001040s ]
INFO: [ app_begin ] --START--
INFO: Run Behavior\ReadHtmlCacheBehavior [ RunTime:0.001562s ]
INFO: [ app_begin ] --END-- [ RunTime:0.001762s ]
SQL: SHOW COLUMNS FROM `sea_module_auth` [ RunTime:0.0662s ]
NOTIC: [8] Undefined index: validate E:\wamp\sea\ThinkPHP\Library\Think\Model.class.php 第 1185 行.
NOTIC: [8] Undefined index: auto E:\wamp\sea\ThinkPHP\Library\Think\Model.class.php 第 1128 行.
SQL: INSERT INTO `sea_module_auth` (`module_name`,`module_bind`,`is_menu`,`module_img`,`module_index`,`parent_id`,`update_time`,`add_time`) VALUES ('视频管理','Camera/index','1','','0','15','1469885829','1469885829') [ RunTime:0.0675s ]
SQL: SHOW COLUMNS FROM `sea_admin_operate_log` [ RunTime:0.0704s ]
NOTIC: [8] Undefined index: validate E:\wamp\sea\ThinkPHP\Library\Think\Model.class.php 第 1185 行.
NOTIC: [8] Undefined index: auto E:\wamp\sea\ThinkPHP\Library\Think\Model.class.php 第 1128 行.
SQL: INSERT INTO `sea_admin_operate_log` (`uid`,`status`,`info`,`refer`,`url`,`param`,`add_time`,`add_ip`) VALUES ('1','1','提示语：新增成功<br/>模块：Admin,控制器：Auth,方法：add<br/>请求方式：AJAX','http://sea.com/admin.php?s=/Auth/add.html','http://sea.com/admin.php?s=/Auth/add.html','module_name:视频管理,module_bind:Camera/index,is_menu:1,module_img:,module_index:0,parent_id:15,','1469885829','127.0.0.1') [ RunTime:0.0703s ]

[ 2016-07-30T21:37:12+08:00 ] 127.0.0.1 /admin.php?s=/Auth/index.html
INFO: [ app_init ] --START--
INFO: Run Behavior\BuildLiteBehavior [ RunTime:0.000031s ]
INFO: [ app_init ] --END-- [ RunTime:0.000873s ]
INFO: [ app_begin ] --START--
INFO: Run Behavior\ReadHtmlCacheBehavior [ RunTime:0.001159s ]
INFO: [ app_begin ] --END-- [ RunTime:0.001263s ]

[ 2016-07-30T21:38:12+08:00 ] 127.0.0.1 /admin.php?s=/Group/index.html
INFO: [ app_init ] --START--
INFO: Run Behavior\BuildLiteBehavior [ RunTime:0.000053s ]
INFO: [ app_init ] --END-- [ RunTime:0.001298s ]
INFO: [ app_begin ] --START--
INFO: Run Behavior\ReadHtmlCacheBehavior [ RunTime:0.001272s ]
INFO: [ app_begin ] --END-- [ RunTime:0.001392s ]

[ 2016-07-30T21:38:15+08:00 ] 127.0.0.1 /admin.php?s=/Group/edit/id/1.html
INFO: [ app_init ] --START--
INFO: Run Behavior\BuildLiteBehavior [ RunTime:0.000031s ]
INFO: [ app_init ] --END-- [ RunTime:0.000975s ]
INFO: [ app_begin ] --START--
INFO: Run Behavior\ReadHtmlCacheBehavior [ RunTime:0.001202s ]
INFO: [ app_begin ] --END-- [ RunTime:0.001315s ]

[ 2016-07-30T21:38:22+08:00 ] 127.0.0.1 /admin.php?s=/Group/edit.html
INFO: [ app_init ] --START--
INFO: Run Behavior\BuildLiteBehavior [ RunTime:0.000045s ]
INFO: [ app_init ] --END-- [ RunTime:0.001073s ]
INFO: [ app_begin ] --START--
INFO: Run Behavior\ReadHtmlCacheBehavior [ RunTime:0.001144s ]
INFO: [ app_begin ] --END-- [ RunTime:0.001274s ]
SQL: SHOW COLUMNS FROM `sea_group` [ RunTime:0.0528s ]
NOTIC: [8] Undefined index: validate E:\wamp\sea\ThinkPHP\Library\Think\Model.class.php 第 1185 行.
NOTIC: [8] Undefined index: auto E:\wamp\sea\ThinkPHP\Library\Think\Model.class.php 第 1128 行.
SQL: UPDATE `sea_group` SET `group_name`='超级管理员组',`status`='1',`update_time`='1469885902',`group_auth`='1,27,29,32,39,72,55,42,44,53,50,26,23,71,9,70,40,16,17,69,21,65,52,20,22,8,10,19,41,18,68,49,15,31,38,14,66,67,64,56,57,61' WHERE `group_id` = 1 [ RunTime:0.0485s ]
SQL: SHOW COLUMNS FROM `sea_admin_operate_log` [ RunTime:0.0502s ]
NOTIC: [8] Array to string conversion E:\wamp\sea\Application\Admin\Model\AdminOperateLogModel.class.php 第 48 行.
NOTIC: [8] Undefined index: validate E:\wamp\sea\ThinkPHP\Library\Think\Model.class.php 第 1185 行.
NOTIC: [8] Undefined index: auto E:\wamp\sea\ThinkPHP\Library\Think\Model.class.php 第 1128 行.
SQL: INSERT INTO `sea_admin_operate_log` (`uid`,`status`,`info`,`refer`,`url`,`param`,`add_time`,`add_ip`) VALUES ('1','1','提示语：更新成功<br/>模块：Admin,控制器：Group,方法：edit<br/>请求方式：AJAX','http://sea.com/admin.php?s=/Group/edit/id/1.html','http://sea.com/admin.php?s=/Group/edit.html','group_id:1,group_name:超级管理员组,status:1,auth:Array,','1469885902','127.0.0.1') [ RunTime:0.0484s ]

[ 2016-07-30T21:38:24+08:00 ] 127.0.0.1 /admin.php?s=/Group/index.html
INFO: [ app_init ] --START--
INFO: Run Behavior\BuildLiteBehavior [ RunTime:0.000034s ]
INFO: [ app_init ] --END-- [ RunTime:0.001052s ]
INFO: [ app_begin ] --START--
INFO: Run Behavior\ReadHtmlCacheBehavior [ RunTime:0.001183s ]
INFO: [ app_begin ] --END-- [ RunTime:0.001305s ]

[ 2016-07-30T21:38:34+08:00 ] 127.0.0.1 /admin.php?s=/Sellplan/index.html
INFO: [ app_init ] --START--
INFO: Run Behavior\BuildLiteBehavior [ RunTime:0.000030s ]
INFO: [ app_init ] --END-- [ RunTime:0.001082s ]
INFO: [ app_begin ] --START--
INFO: Run Behavior\ReadHtmlCacheBehavior [ RunTime:0.001433s ]
INFO: [ app_begin ] --END-- [ RunTime:0.001555s ]

[ 2016-07-30T21:38:37+08:00 ] 127.0.0.1 /admin.php?s=/Sellplan/edit/id/2.html
INFO: [ app_init ] --START--
INFO: Run Behavior\BuildLiteBehavior [ RunTime:0.000032s ]
INFO: [ app_init ] --END-- [ RunTime:0.000924s ]
INFO: [ app_begin ] --START--
INFO: Run Behavior\ReadHtmlCacheBehavior [ RunTime:0.001167s ]
INFO: [ app_begin ] --END-- [ RunTime:0.001273s ]

[ 2016-07-30T21:40:01+08:00 ] 127.0.0.1 /admin.php
INFO: [ app_init ] --START--
INFO: Run Behavior\BuildLiteBehavior [ RunTime:0.000035s ]
INFO: [ app_init ] --END-- [ RunTime:0.001308s ]
INFO: [ app_begin ] --START--
INFO: Run Behavior\ReadHtmlCacheBehavior [ RunTime:0.001187s ]
INFO: [ app_begin ] --END-- [ RunTime:0.001307s ]

[ 2016-07-30T21:40:07+08:00 ] 127.0.0.1 /admin.php?s=/Sellplan/index.html
INFO: [ app_init ] --START--
INFO: Run Behavior\BuildLiteBehavior [ RunTime:0.000051s ]
INFO: [ app_init ] --END-- [ RunTime:0.001440s ]
INFO: [ app_begin ] --START--
INFO: Run Behavior\ReadHtmlCacheBehavior [ RunTime:0.001825s ]
INFO: [ app_begin ] --END-- [ RunTime:0.002010s ]

[ 2016-07-30T21:40:09+08:00 ] 127.0.0.1 /admin.php?s=/Sellplan/edit/id/2.html
INFO: [ app_init ] --START--
INFO: Run Behavior\BuildLiteBehavior [ RunTime:0.000031s ]
INFO: [ app_init ] --END-- [ RunTime:0.000886s ]
INFO: [ app_begin ] --START--
INFO: Run Behavior\ReadHtmlCacheBehavior [ RunTime:0.002578s ]
INFO: [ app_begin ] --END-- [ RunTime:0.002743s ]

[ 2016-07-30T21:40:17+08:00 ] 127.0.0.1 /admin.php?s=/Sellplan/index.html
INFO: [ app_init ] --START--
INFO: Run Behavior\BuildLiteBehavior [ RunTime:0.000088s ]
INFO: [ app_init ] --END-- [ RunTime:0.001567s ]
INFO: [ app_begin ] --START--
INFO: Run Behavior\ReadHtmlCacheBehavior [ RunTime:0.001256s ]
INFO: [ app_begin ] --END-- [ RunTime:0.001379s ]

[ 2016-07-30T21:40:19+08:00 ] 127.0.0.1 /admin.php?s=/Sellplan/add.html
INFO: [ app_init ] --START--
INFO: Run Behavior\BuildLiteBehavior [ RunTime:0.000033s ]
INFO: [ app_init ] --END-- [ RunTime:0.000993s ]
INFO: [ app_begin ] --START--
INFO: Run Behavior\ReadHtmlCacheBehavior [ RunTime:0.001164s ]
INFO: [ app_begin ] --END-- [ RunTime:0.001270s ]

[ 2016-07-30T21:41:09+08:00 ] 127.0.0.1 /admin.php?s=/Sellplan/index.html
INFO: [ app_init ] --START--
INFO: Run Behavior\BuildLiteBehavior [ RunTime:0.000044s ]
INFO: [ app_init ] --END-- [ RunTime:0.001618s ]
INFO: [ app_begin ] --START--
INFO: Run Behavior\ReadHtmlCacheBehavior [ RunTime:0.001885s ]
INFO: [ app_begin ] --END-- [ RunTime:0.002036s ]

[ 2016-07-30T21:41:13+08:00 ] 127.0.0.1 /admin.php?s=/Shop/index.html
INFO: [ app_init ] --START--
INFO: Run Behavior\BuildLiteBehavior [ RunTime:0.000031s ]
INFO: [ app_init ] --END-- [ RunTime:0.000978s ]
INFO: [ app_begin ] --START--
INFO: Run Behavior\ReadHtmlCacheBehavior [ RunTime:0.002038s ]
INFO: [ app_begin ] --END-- [ RunTime:0.002183s ]

[ 2016-07-30T21:42:54+08:00 ] 127.0.0.1 /admin.php?s=/Sellplan/index.html
INFO: [ app_init ] --START--
INFO: Run Behavior\BuildLiteBehavior [ RunTime:0.000032s ]
INFO: [ app_init ] --END-- [ RunTime:0.001365s ]
INFO: [ app_begin ] --START--
INFO: Run Behavior\ReadHtmlCacheBehavior [ RunTime:0.002180s ]
INFO: [ app_begin ] --END-- [ RunTime:0.002360s ]

[ 2016-07-30T21:42:55+08:00 ] 127.0.0.1 /admin.php?s=/Sellplan/add.html
INFO: [ app_init ] --START--
INFO: Run Behavior\BuildLiteBehavior [ RunTime:0.000336s ]
INFO: [ app_init ] --END-- [ RunTime:0.003720s ]
INFO: [ app_begin ] --START--
INFO: Run Behavior\ReadHtmlCacheBehavior [ RunTime:0.002030s ]
INFO: [ app_begin ] --END-- [ RunTime:0.002214s ]

[ 2016-07-30T21:43:29+08:00 ] 127.0.0.1 /admin.php?s=/Sellplan/index.html
INFO: [ app_init ] --START--
INFO: Run Behavior\BuildLiteBehavior [ RunTime:0.000040s ]
INFO: [ app_init ] --END-- [ RunTime:0.001136s ]
INFO: [ app_begin ] --START--
INFO: Run Behavior\ReadHtmlCacheBehavior [ RunTime:0.001840s ]
INFO: [ app_begin ] --END-- [ RunTime:0.002016s ]

[ 2016-07-30T21:43:31+08:00 ] 127.0.0.1 /admin.php?s=/Sellplan/add.html
INFO: [ app_init ] --START--
INFO: Run Behavior\BuildLiteBehavior [ RunTime:0.000029s ]
INFO: [ app_init ] --END-- [ RunTime:0.000784s ]
INFO: [ app_begin ] --START--
INFO: Run Behavior\ReadHtmlCacheBehavior [ RunTime:0.001200s ]
INFO: [ app_begin ] --END-- [ RunTime:0.001351s ]

[ 2016-07-30T21:43:34+08:00 ] 127.0.0.1 /admin.php?s=/Sellplan/index.html
INFO: [ app_init ] --START--
INFO: Run Behavior\BuildLiteBehavior [ RunTime:0.000219s ]
INFO: [ app_init ] --END-- [ RunTime:0.001641s ]
INFO: [ app_begin ] --START--
INFO: Run Behavior\ReadHtmlCacheBehavior [ RunTime:0.002737s ]
INFO: [ app_begin ] --END-- [ RunTime:0.002992s ]

[ 2016-07-30T21:43:36+08:00 ] 127.0.0.1 /admin.php?s=/Sellplan/edit/id/2.html
INFO: [ app_init ] --START--
INFO: Run Behavior\BuildLiteBehavior [ RunTime:0.000031s ]
INFO: [ app_init ] --END-- [ RunTime:0.000903s ]
INFO: [ app_begin ] --START--
INFO: Run Behavior\ReadHtmlCacheBehavior [ RunTime:0.001855s ]
INFO: [ app_begin ] --END-- [ RunTime:0.002023s ]

[ 2016-07-30T21:45:47+08:00 ] 127.0.0.1 /admin.php?s=/Sellplan/edit/id/2.html
INFO: [ app_init ] --START--
INFO: Run Behavior\BuildLiteBehavior [ RunTime:0.000032s ]
INFO: [ app_init ] --END-- [ RunTime:0.001152s ]
INFO: [ app_begin ] --START--
INFO: Run Behavior\ReadHtmlCacheBehavior [ RunTime:0.001397s ]
INFO: [ app_begin ] --END-- [ RunTime:0.001506s ]

