[ 2016-07-26T23:27:04+08:00 ] 127.0.0.1 /admin.php
INFO: [ app_init ] --START--
INFO: Run Behavior\BuildLiteBehavior [ RunTime:0.000045s ]
INFO: [ app_init ] --END-- [ RunTime:0.001379s ]
INFO: [ app_begin ] --START--
INFO: Run Behavior\ReadHtmlCacheBehavior [ RunTime:0.001754s ]
INFO: [ app_begin ] --END-- [ RunTime:0.001912s ]

[ 2016-07-26T23:27:04+08:00 ] 127.0.0.1 /admin.php?s=/Public/login.html
INFO: [ app_init ] --START--
INFO: Run Behavior\BuildLiteBehavior [ RunTime:0.000030s ]
INFO: [ app_init ] --END-- [ RunTime:0.000912s ]
INFO: [ app_begin ] --START--
INFO: Run Behavior\ReadHtmlCacheBehavior [ RunTime:0.001468s ]
INFO: [ app_begin ] --END-- [ RunTime:0.001694s ]
INFO: [ view_parse ] --START--
INFO: [ template_filter ] --START--
INFO: Run Behavior\ContentReplaceBehavior [ RunTime:0.000275s ]
INFO: [ template_filter ] --END-- [ RunTime:0.000413s ]
NOTIC: [8] Undefined variable: config E:\wamp\sea\Runtime\Cache\Admin\3a6c842fd833fab3fb87a55ea38b7da4.php 第 36 行.
INFO: Run Behavior\ParseTemplateBehavior [ RunTime:0.042437s ]
INFO: [ view_parse ] --END-- [ RunTime:0.042544s ]
INFO: [ view_filter ] --START--
INFO: Run Behavior\WriteHtmlCacheBehavior [ RunTime:0.000967s ]
INFO: [ view_filter ] --END-- [ RunTime:0.001088s ]
INFO: [ app_end ] --START--
INFO: Run Behavior\ShowPageTraceBehavior [ RunTime:0.001477s ]
INFO: [ app_end ] --END-- [ RunTime:0.001564s ]

[ 2016-07-26T23:27:04+08:00 ] 127.0.0.1 /admin.php?s=/Public/vcode.html
INFO: [ app_init ] --START--
INFO: Run Behavior\BuildLiteBehavior [ RunTime:0.000034s ]
INFO: [ app_init ] --END-- [ RunTime:0.001374s ]
INFO: [ app_begin ] --START--
INFO: Run Behavior\ReadHtmlCacheBehavior [ RunTime:0.002281s ]
INFO: [ app_begin ] --END-- [ RunTime:0.002573s ]
INFO: [ app_end ] --START--
INFO: Run Behavior\ShowPageTraceBehavior [ RunTime:0.003128s ]
INFO: [ app_end ] --END-- [ RunTime:0.003339s ]

[ 2016-07-26T23:27:06+08:00 ] 127.0.0.1 /admin.php?s=/Public/login.html
INFO: [ app_init ] --START--
INFO: Run Behavior\BuildLiteBehavior [ RunTime:0.000030s ]
INFO: [ app_init ] --END-- [ RunTime:0.000936s ]
INFO: [ app_begin ] --START--
INFO: Run Behavior\ReadHtmlCacheBehavior [ RunTime:0.001440s ]
INFO: [ app_begin ] --END-- [ RunTime:0.001608s ]
INFO: [ view_parse ] --START--
INFO: [ template_filter ] --START--
INFO: Run Behavior\ContentReplaceBehavior [ RunTime:0.000229s ]
INFO: [ template_filter ] --END-- [ RunTime:0.000356s ]
NOTIC: [8] Undefined variable: config E:\wamp\sea\Runtime\Cache\Admin\3a6c842fd833fab3fb87a55ea38b7da4.php 第 36 行.
INFO: Run Behavior\ParseTemplateBehavior [ RunTime:0.017734s ]
INFO: [ view_parse ] --END-- [ RunTime:0.017832s ]
INFO: [ view_filter ] --START--
INFO: Run Behavior\WriteHtmlCacheBehavior [ RunTime:0.000702s ]
INFO: [ view_filter ] --END-- [ RunTime:0.000784s ]
INFO: [ app_end ] --START--
INFO: Run Behavior\ShowPageTraceBehavior [ RunTime:0.001243s ]
INFO: [ app_end ] --END-- [ RunTime:0.001329s ]

[ 2016-07-26T23:27:25+08:00 ] 127.0.0.1 /admin.php?s=/Public/login.html
INFO: [ app_init ] --START--
INFO: Run Behavior\BuildLiteBehavior [ RunTime:0.000031s ]
INFO: [ app_init ] --END-- [ RunTime:0.001090s ]
INFO: [ app_begin ] --START--
INFO: Run Behavior\ReadHtmlCacheBehavior [ RunTime:0.001207s ]
INFO: [ app_begin ] --END-- [ RunTime:0.001337s ]
SQL: SHOW COLUMNS FROM `sea_admin` [ RunTime:0.0442s ]
SQL: SELECT `admin_id`,`group_id`,`admin_type`,`admin_name`,`admin_pwd`,`admin_salt`,`true_name`,`img`,`phone`,`email`,`status`,`add_time`,`update_time` FROM `sea_admin` WHERE `status` = 1 AND `admin_name` = 'admin' LIMIT 1   [ RunTime:0.0009s ]
SQL: SHOW COLUMNS FROM `sea_group` [ RunTime:0.0321s ]
SQL: SELECT `group_auth` FROM `sea_group` WHERE `status` = 1 AND `group_id` = 1 LIMIT 1   [ RunTime:0.0007s ]
SQL: SHOW COLUMNS FROM `sea_module_auth` [ RunTime:0.0218s ]
SQL: SELECT `module_id`,`module_index`,`parent_id`,`is_menu`,`module_name`,`module_bind`,`status`,`add_time`,`update_time`,`module_img` FROM `sea_module_auth` WHERE `module_id` IN ('1','32','39','40','42','44','50','52','53','55','65','66','29','27','26','9','14','69','16','17','23','21','67','22','20','19','10','8','68','18','41','49','64','15','31','38','57','56','61') AND `status` = 1 ORDER BY module_index  [ RunTime:0.0014s ]
NOTIC: [8] Undefined variable: child E:\wamp\sea\Application\Admin\Controller\PublicController.class.php 第 124 行.

[ 2016-07-26T23:27:25+08:00 ] 127.0.0.1 /admin.php?s=/Index/index.html
INFO: [ app_init ] --START--
INFO: Run Behavior\BuildLiteBehavior [ RunTime:0.000031s ]
INFO: [ app_init ] --END-- [ RunTime:0.000973s ]
INFO: [ app_begin ] --START--
INFO: Run Behavior\ReadHtmlCacheBehavior [ RunTime:0.001226s ]
INFO: [ app_begin ] --END-- [ RunTime:0.001362s ]

[ 2016-07-26T23:27:32+08:00 ] 127.0.0.1 /admin.php?s=/User/index.html
INFO: [ app_init ] --START--
INFO: Run Behavior\BuildLiteBehavior [ RunTime:0.000032s ]
INFO: [ app_init ] --END-- [ RunTime:0.001001s ]
INFO: [ app_begin ] --START--
INFO: Run Behavior\ReadHtmlCacheBehavior [ RunTime:0.001206s ]
INFO: [ app_begin ] --END-- [ RunTime:0.001317s ]

[ 2016-07-26T23:27:40+08:00 ] 127.0.0.1 /admin.php?s=/Sellplan/index.html
INFO: [ app_init ] --START--
INFO: Run Behavior\BuildLiteBehavior [ RunTime:0.000031s ]
INFO: [ app_init ] --END-- [ RunTime:0.000937s ]
INFO: [ app_begin ] --START--
INFO: Run Behavior\ReadHtmlCacheBehavior [ RunTime:0.001195s ]
INFO: [ app_begin ] --END-- [ RunTime:0.001307s ]

[ 2016-07-26T23:27:44+08:00 ] 127.0.0.1 /admin.php?s=/Sellplan/edit/id/2.html
INFO: [ app_init ] --START--
INFO: Run Behavior\BuildLiteBehavior [ RunTime:0.000033s ]
INFO: [ app_init ] --END-- [ RunTime:0.000992s ]
INFO: [ app_begin ] --START--
INFO: Run Behavior\ReadHtmlCacheBehavior [ RunTime:0.001206s ]
INFO: [ app_begin ] --END-- [ RunTime:0.001336s ]

[ 2016-07-26T23:27:51+08:00 ] 127.0.0.1 /admin.php?s=/Sellplan/index.html
INFO: [ app_init ] --START--
INFO: Run Behavior\BuildLiteBehavior [ RunTime:0.000034s ]
INFO: [ app_init ] --END-- [ RunTime:0.000946s ]
INFO: [ app_begin ] --START--
INFO: Run Behavior\ReadHtmlCacheBehavior [ RunTime:0.001355s ]
INFO: [ app_begin ] --END-- [ RunTime:0.001479s ]

[ 2016-07-26T23:28:28+08:00 ] 127.0.0.1 /admin.php?s=/Sellplan/index.html
INFO: [ app_init ] --START--
INFO: Run Behavior\BuildLiteBehavior [ RunTime:0.000035s ]
INFO: [ app_init ] --END-- [ RunTime:0.001231s ]
INFO: [ app_begin ] --START--
INFO: Run Behavior\ReadHtmlCacheBehavior [ RunTime:0.001420s ]
INFO: [ app_begin ] --END-- [ RunTime:0.001534s ]

